<?xml version="1.0" encoding="UTF-8"?>
<testng-results ignored="0" total="1" passed="1" failed="0" skipped="0">
  <reporter-output>
  </reporter-output>
  <suite started-at="2024-05-30T08:36:37 IST" name="Default suite" finished-at="2024-05-30T08:37:13 IST" duration-ms="36174">
    <groups>
    </groups>
    <test started-at="2024-05-30T08:36:37 IST" name="Default test" finished-at="2024-05-30T08:37:13 IST" duration-ms="36174">
      <class name="com.ShopperStack_Test_Script.verify_user_is_able_to_update_address_or_not">
        <test-method is-config="true" signature="beforeSuite()[pri:0, instance:com.ShopperStack_Test_Script.verify_user_is_able_to_update_address_or_not@548d708a]" started-at="2024-05-30T08:36:37 IST" name="beforeSuite" finished-at="2024-05-30T08:36:37 IST" duration-ms="34" status="PASS">
          <reporter-output>
          </reporter-output>
        </test-method> <!-- beforeSuite -->
        <test-method is-config="true" signature="bforeTest()[pri:0, instance:com.ShopperStack_Test_Script.verify_user_is_able_to_update_address_or_not@548d708a]" started-at="2024-05-30T08:36:37 IST" name="bforeTest" finished-at="2024-05-30T08:36:37 IST" duration-ms="582" status="PASS">
          <reporter-output>
          </reporter-output>
        </test-method> <!-- bforeTest -->
        <test-method is-config="true" signature="beforeClass()[pri:0, instance:com.ShopperStack_Test_Script.verify_user_is_able_to_update_address_or_not@548d708a]" started-at="2024-05-30T08:36:37 IST" name="beforeClass" finished-at="2024-05-30T08:36:45 IST" duration-ms="7670" status="PASS">
          <reporter-output>
          </reporter-output>
        </test-method> <!-- beforeClass -->
        <test-method is-config="true" signature="beforeMethod()[pri:0, instance:com.ShopperStack_Test_Script.verify_user_is_able_to_update_address_or_not@548d708a]" started-at="2024-05-30T08:36:45 IST" name="beforeMethod" finished-at="2024-05-30T08:36:58 IST" duration-ms="12859" status="PASS">
          <reporter-output>
          </reporter-output>
        </test-method> <!-- beforeMethod -->
        <test-method signature="updateAddress()[pri:0, instance:com.ShopperStack_Test_Script.verify_user_is_able_to_update_address_or_not@548d708a]" started-at="2024-05-30T08:36:58 IST" name="updateAddress" finished-at="2024-05-30T08:37:09 IST" duration-ms="11552" status="PASS">
          <reporter-output>
          </reporter-output>
        </test-method> <!-- updateAddress -->
        <test-method is-config="true" signature="aftermethod()[pri:0, instance:com.ShopperStack_Test_Script.verify_user_is_able_to_update_address_or_not@548d708a]" started-at="2024-05-30T08:37:09 IST" name="aftermethod" finished-at="2024-05-30T08:37:10 IST" duration-ms="2" status="PASS">
          <reporter-output>
          </reporter-output>
        </test-method> <!-- aftermethod -->
        <test-method is-config="true" signature="afterclass()[pri:0, instance:com.ShopperStack_Test_Script.verify_user_is_able_to_update_address_or_not@548d708a]" started-at="2024-05-30T08:37:10 IST" name="afterclass" finished-at="2024-05-30T08:37:12 IST" duration-ms="2808" status="PASS">
          <reporter-output>
          </reporter-output>
        </test-method> <!-- afterclass -->
        <test-method is-config="true" signature="aftertest()[pri:0, instance:com.ShopperStack_Test_Script.verify_user_is_able_to_update_address_or_not@548d708a]" started-at="2024-05-30T08:37:12 IST" name="aftertest" finished-at="2024-05-30T08:37:13 IST" duration-ms="625" status="PASS">
          <reporter-output>
          </reporter-output>
        </test-method> <!-- aftertest -->
        <test-method is-config="true" signature="aftersuite()[pri:0, instance:com.ShopperStack_Test_Script.verify_user_is_able_to_update_address_or_not@548d708a]" started-at="2024-05-30T08:37:13 IST" name="aftersuite" finished-at="2024-05-30T08:37:13 IST" duration-ms="4" status="PASS">
          <reporter-output>
          </reporter-output>
        </test-method> <!-- aftersuite -->
      </class> <!-- com.ShopperStack_Test_Script.verify_user_is_able_to_update_address_or_not -->
    </test> <!-- Default test -->
  </suite> <!-- Default suite -->
</testng-results>
