<?xml version="1.0" encoding="UTF-8"?>
<!-- Generated by org.testng.reporters.JUnitXMLReporter -->
<testsuite ignored="4" hostname="DESKTOP-B9DJM0R" failures="0" tests="2" name="Test" time="62.705" errors="0" timestamp="2024-05-27T09:06:37 IST">
  <testcase classname="com.ShopperStack_Test_Script.verify_user_is_able_to_add_address_or_not_Test" name="addAddress" time="9.275"/>
  <testcase classname="com.ShopperStack_Test_Script.verify_user_is_able_to_delete_address_or_not_Test" name="deleteAddress" time="12.295"/>
  <testcase classname="com.ShopperStack_genericutility.BaseTest" name="@AfterTest aftertest" time="0.0">
    <ignored/>
  </testcase> <!-- @AfterTest aftertest -->
  <testcase classname="com.ShopperStack_genericutility.BaseTest" name="@BeforeSuite beforeSuite" time="0.0">
    <ignored/>
  </testcase> <!-- @BeforeSuite beforeSuite -->
  <testcase classname="com.ShopperStack_genericutility.BaseTest" name="@AfterSuite aftersuite" time="0.0">
    <ignored/>
  </testcase> <!-- @AfterSuite aftersuite -->
  <testcase classname="com.ShopperStack_genericutility.BaseTest" name="@BeforeTest bforeTest" time="0.0">
    <ignored/>
  </testcase> <!-- @BeforeTest bforeTest -->
</testsuite> <!-- Test -->
